mode: set
github.com/devalexandre/tests-with-golang/main.go:21.56,25.16 4 1
github.com/devalexandre/tests-with-golang/main.go:25.16,28.3 2 1
github.com/devalexandre/tests-with-golang/main.go:29.2,31.28 2 1
github.com/devalexandre/tests-with-golang/main.go:31.28,34.3 2 1
github.com/devalexandre/tests-with-golang/main.go:36.2,37.16 2 1
github.com/devalexandre/tests-with-golang/main.go:37.16,40.3 2 1
github.com/devalexandre/tests-with-golang/main.go:42.2,44.16 3 1
github.com/devalexandre/tests-with-golang/main.go:44.16,47.3 2 1
github.com/devalexandre/tests-with-golang/main.go:49.2,50.37 2 1
github.com/devalexandre/tests-with-golang/gorm/connect.go:8.47,10.16 2 1
github.com/devalexandre/tests-with-golang/gorm/connect.go:10.16,11.38 1 0
github.com/devalexandre/tests-with-golang/gorm/connect.go:14.2,14.22 1 1
github.com/devalexandre/tests-with-golang/gorm/mock.go:5.78,7.2 1 1
github.com/devalexandre/tests-with-golang/gorm/mock.go:9.58,11.2 1 1
github.com/devalexandre/tests-with-golang/gorm/mock.go:13.57,15.2 1 0
github.com/devalexandre/tests-with-golang/gorm/mock.go:17.60,19.2 1 0
github.com/devalexandre/tests-with-golang/gorm/mock.go:21.80,23.2 1 0
github.com/devalexandre/tests-with-golang/gorm/repository.go:3.46,5.2 1 1
github.com/devalexandre/tests-with-golang/gorm/repository.go:6.53,11.2 3 1
github.com/devalexandre/tests-with-golang/gorm/repository.go:13.53,15.2 1 1
github.com/devalexandre/tests-with-golang/gorm/repository.go:17.53,19.16 2 1
github.com/devalexandre/tests-with-golang/gorm/repository.go:19.16,21.3 1 1
github.com/devalexandre/tests-with-golang/gorm/repository.go:23.2,23.54 1 1
github.com/devalexandre/tests-with-golang/gorm/repository.go:26.44,28.16 2 1
github.com/devalexandre/tests-with-golang/gorm/repository.go:28.16,30.3 1 1
github.com/devalexandre/tests-with-golang/gorm/repository.go:32.2,32.35 1 1
