mode: set
github.com/devalexandre/tests-with-golang/main.go:17.69,21.16 4 1
github.com/devalexandre/tests-with-golang/main.go:21.16,24.3 2 0
github.com/devalexandre/tests-with-golang/main.go:25.2,27.28 2 1
github.com/devalexandre/tests-with-golang/main.go:27.28,30.3 2 1
github.com/devalexandre/tests-with-golang/main.go:32.2,33.16 2 1
github.com/devalexandre/tests-with-golang/main.go:33.16,36.3 2 1
github.com/devalexandre/tests-with-golang/main.go:38.2,40.16 3 1
github.com/devalexandre/tests-with-golang/main.go:40.16,43.3 2 0
github.com/devalexandre/tests-with-golang/main.go:45.2,46.37 2 1
github.com/devalexandre/tests-with-golang/main.go:49.35,51.2 1 1
